[20:46:56.096] [INFO] storybook v10.3.1
[20:46:57.767] [DEBUG] Getting package.json info for C:/Projetos/desafios/base-orders/package.json...
[20:46:57.779] [ERROR] [38;2;241;97;97mSB_CORE-SERVER_0002 (CriticalPresetLoadError): Storybook failed to load the following preset: @storybook/nextjs/preset.

Please check whether your setup is correct, the Storybook dependencies (and their peer dependencies) are installed correctly and there are no package version clashes.

If you believe this is a bug, please open an issue on Github.

Error [ERR_MODULE_NOT_FOUND]: Cannot find package '@storybook/nextjs' imported from .\node_modules\.pnpm\storybook@10.3.1_@testing-l_b9b8bb5c66737011af62a64eeeb1a76f\node_modules\storybook\dist\_node-chunks\chunk-AX5YUU2A.js
    at Object.getPackageJSONURL (node:internal/modules/package_json_reader:316:9)
    at packageResolve (node:internal/modules/esm/resolve:768:81)
    at moduleResolve (node:internal/modules/esm/resolve:858:18)
    at defaultResolve (node:internal/modules/esm/resolve:990:11)
    at nextResolve (node:internal/modules/esm/hooks:785:28)
    at AsyncLoaderHooksOnLoaderHookWorker.resolve (node:internal/modules/esm/hooks:271:30)
    at MessagePort.handleMessage (node:internal/modules/esm/worker:251:24)
    at [nodejs.internal.kHybridDispatch] (node:internal/event_target:845:20)
    at MessagePort.<anonymous> (node:internal/per_context/messageport:23:28)

More info: 
[39m
    at loadPreset (file:///C:/Projetos/desafios/base-orders/node_modules/.pnpm/storybook@10.3.1_@testing-l_b9b8bb5c66737011af62a64eeeb1a76f/node_modules/storybook/dist/_node-chunks/chunk-X6B7XGEZ.js:10081:13)
    at async Promise.all (index 0)
    at async loadPresets (file:///C:/Projetos/desafios/base-orders/node_modules/.pnpm/storybook@10.3.1_@testing-l_b9b8bb5c66737011af62a64eeeb1a76f/node_modules/storybook/dist/_node-chunks/chunk-X6B7XGEZ.js:10090:73)
    at async getPresets (file:///C:/Projetos/desafios/base-orders/node_modules/.pnpm/storybook@10.3.1_@testing-l_b9b8bb5c66737011af62a64eeeb1a76f/node_modules/storybook/dist/_node-chunks/chunk-X6B7XGEZ.js:10121:23)
    at async buildDevStandalone (file:///C:/Projetos/desafios/base-orders/node_modules/.pnpm/storybook@10.3.1_@testing-l_b9b8bb5c66737011af62a64eeeb1a76f/node_modules/storybook/dist/core-server/index.js:7964:52)
    at async withTelemetry (file:///C:/Projetos/desafios/base-orders/node_modules/.pnpm/storybook@10.3.1_@testing-l_b9b8bb5c66737011af62a64eeeb1a76f/node_modules/storybook/dist/_node-chunks/chunk-CRA4LABS.js:218:12)
    at async dev (file:///C:/Projetos/desafios/base-orders/node_modules/.pnpm/storybook@10.3.1_@testing-l_b9b8bb5c66737011af62a64eeeb1a76f/node_modules/storybook/dist/bin/core.js:2736:3)
    at async _Command.<anonymous> (file:///C:/Projetos/desafios/base-orders/node_modules/.pnpm/storybook@10.3.1_@testing-l_b9b8bb5c66737011af62a64eeeb1a76f/node_modules/storybook/dist/bin/core.js:2806:92)
[20:46:57.785] [WARN] Broken build, fix the error above.
You may need to refresh the browser.
[20:46:57.793] [WARN] Could not resolve addon "@storybook/addon-essentials", skipping. Is it installed?
[20:46:57.794] [WARN] Could not resolve addon "@storybook/addon-essentials", skipping. Is it installed?
[20:47:17.731] [PROMPT] Would you like to send anonymous crash reports to improve Storybook and fix bugs faster? {"choice":true}
[20:47:17.733] [INFO] Storybook collects completely anonymous usage telemetry. We use it to shape Storybook's roadmap and prioritize features. You can learn more, including how to opt out, at https://storybook.js.org/telemetry